<?xml version="1.0" encoding="UTF-8"?>
<!-- Generated by org.testng.reporters.JUnitReportReporter -->
<testsuite hostname="XIN009ODAB56363" name="TestCases.A1" tests="1" failures="0" timestamp="21 Jun 2016 14:14:00 GMT" time="17.453" errors="0">
  <testcase name="demo" time="17.453" classname="TestCases.A1"/>
</testsuite> <!-- TestCases.A1 -->
