<?xml version="1.0" encoding="UTF-8"?>
<!-- Generated by org.testng.reporters.JUnitReportReporter -->
<testsuite hostname="XIN009OLAB14917" name="TestCases.ACH.VerifyCancellationInfoACH" tests="1" failures="0" timestamp="6 Jul 2016 15:36:44 GMT" time="212.905" errors="0">
  <testcase name="testVerifyCancellationInfoACH" time="212.905" classname="TestCases.ACH.VerifyCancellationInfoACH"/>
</testsuite> <!-- TestCases.ACH.VerifyCancellationInfoACH -->
