<?xml version="1.0" encoding="UTF-8"?>
<!-- Generated by org.testng.reporters.JUnitReportReporter -->
<testsuite hostname="XIN009ODAB50783" name="TestCases.Script8b" tests="1" failures="0" timestamp="30 May 2016 07:45:02 GMT" time="271.792" errors="0">
  <testcase name="test1" time="271.792" classname="TestCases.Script8b"/>
</testsuite> <!-- TestCases.Script8b -->
