<?xml version="1.0" encoding="UTF-8"?>
<!-- Generated by org.testng.reporters.JUnitReportReporter -->
<testsuite hostname="XIN009ODAB50783" name="TestCases.Script7" tests="1" failures="0" timestamp="30 May 2016 07:16:15 GMT" time="169.971" errors="0">
  <testcase name="ccTestCase7Execution" time="169.971" classname="TestCases.Script7"/>
</testsuite> <!-- TestCases.Script7 -->
