<?xml version="1.0" encoding="UTF-8"?>
<!-- Generated by org.testng.reporters.JUnitReportReporter -->
<testsuite hostname="XIN009OLAB14917" name="TestCases.ACH.CheckTermsAndCondnDtlsInACHPymt" tests="1" failures="0" timestamp="6 Jul 2016 15:36:44 GMT" time="242.502" errors="0">
  <testcase name="testCheckTermsAndCondnDtlsInACHPymt" time="242.502" classname="TestCases.ACH.CheckTermsAndCondnDtlsInACHPymt"/>
</testsuite> <!-- TestCases.ACH.CheckTermsAndCondnDtlsInACHPymt -->
