<?xml version="1.0" encoding="UTF-8"?>
<!-- Generated by org.testng.reporters.JUnitReportReporter -->
<testsuite hostname="XIN009OLAB14917" name="TestCases.CreditCard.EditZipCodeCC" tests="1" failures="0" timestamp="6 Jul 2016 10:20:15 GMT" time="185.370" errors="0">
  <testcase name="editZip" time="185.370" classname="TestCases.CreditCard.EditZipCodeCC"/>
</testsuite> <!-- TestCases.CreditCard.EditZipCodeCC -->
