<?xml version="1.0" encoding="UTF-8"?>
<!-- Generated by org.testng.reporters.JUnitReportReporter -->
<testsuite hostname="XIN009OLAB14917" name="TestCases.CreditCard.NoKeepLinkCC" tests="1" failures="0" timestamp="1 Jul 2016 11:35:35 GMT" time="207.599" errors="0">
  <testcase name="PopupCancel" time="207.599" classname="TestCases.CreditCard.NoKeepLinkCC"/>
</testsuite> <!-- TestCases.CreditCard.NoKeepLinkCC -->
