<?xml version="1.0" encoding="UTF-8"?>
<!-- Generated by org.testng.reporters.JUnitReportReporter -->
<testsuite hostname="XIN009OLAB14917" name="TestCases.ACH.VerifyAmountAndDateFieldsACH" tests="1" failures="0" timestamp="6 Jul 2016 15:36:44 GMT" time="203.366" errors="0">
  <testcase name="ccTestCase7Execution" time="203.366" classname="TestCases.ACH.VerifyAmountAndDateFieldsACH"/>
</testsuite> <!-- TestCases.ACH.VerifyAmountAndDateFieldsACH -->
