<?xml version="1.0" encoding="UTF-8"?>
<!-- Generated by org.testng.reporters.JUnitReportReporter -->
<testsuite hostname="XIN009OLAB14917" name="TestCases.CreditCard.VerifyPaymentWithSaveCheckCC" tests="1" failures="0" timestamp="6 Jul 2016 10:20:15 GMT" time="335.822" errors="0">
  <testcase name="VerifyPaymentWithSave" time="335.822" classname="TestCases.CreditCard.VerifyPaymentWithSaveCheckCC"/>
</testsuite> <!-- TestCases.CreditCard.VerifyPaymentWithSaveCheckCC -->
