<?xml version="1.0" encoding="UTF-8"?>
<!-- Generated by org.testng.reporters.JUnitReportReporter -->
<testsuite hostname="XIN009OLAB14917" name="TestCases.CreditCard.EditFutureExpirationDateCC" tests="1" failures="0" timestamp="6 Jul 2016 10:20:15 GMT" time="215.560" errors="0">
  <testcase name="testEditFutureExpirationDateCC" time="215.560" classname="TestCases.CreditCard.EditFutureExpirationDateCC"/>
</testsuite> <!-- TestCases.CreditCard.EditFutureExpirationDateCC -->
