<?xml version="1.0" encoding="UTF-8"?>
<!-- Generated by org.testng.reporters.JUnitReportReporter -->
<testsuite hostname="XIN009OLAB14917" name="TestCases.CreditCard.EditPastDateCC" tests="1" failures="0" timestamp="6 Jul 2016 10:20:15 GMT" time="175.995" errors="0">
  <testcase name="pastDate" time="175.995" classname="TestCases.CreditCard.EditPastDateCC"/>
</testsuite> <!-- TestCases.CreditCard.EditPastDateCC -->
