<?xml version="1.0" encoding="UTF-8"?>
<!-- Generated by org.testng.reporters.JUnitReportReporter -->
<testsuite hostname="XIN009OLAB14917" name="TestCases.CreditCard.VerifyCancellationInfoCC" tests="1" failures="0" timestamp="6 Jul 2016 10:20:15 GMT" time="138.980" errors="0">
  <testcase name="testVerifyCancellationInfoCC" time="138.980" classname="TestCases.CreditCard.VerifyCancellationInfoCC"/>
</testsuite> <!-- TestCases.CreditCard.VerifyCancellationInfoCC -->
