<?xml version="1.0" encoding="UTF-8"?>
<!-- Generated by org.testng.reporters.JUnitReportReporter -->
<testsuite hostname="XIN009ODAB50783" name="TestCases.CheckTermsAndCondnDtlsInACHPymt" tests="1" failures="0" timestamp="30 May 2016 09:43:29 GMT" time="174.485" errors="0">
  <testcase name="testCheckTermsAndCondnDtlsInACHPymt" time="174.485" classname="TestCases.CheckTermsAndCondnDtlsInACHPymt"/>
</testsuite> <!-- TestCases.CheckTermsAndCondnDtlsInACHPymt -->
