<?xml version="1.0" encoding="UTF-8"?>
<!-- Generated by org.testng.reporters.JUnitReportReporter -->
<testsuite hostname="XIN009ODAB50783" name="TestCases.Script6" tests="1" failures="0" timestamp="30 May 2016 07:10:46 GMT" time="137.036" errors="0">
  <testcase name="ccTestCase6Execution" time="137.036" classname="TestCases.Script6"/>
</testsuite> <!-- TestCases.Script6 -->
