<?xml version="1.0" encoding="UTF-8"?>
<!-- Generated by org.testng.reporters.JUnitReportReporter -->
<testsuite hostname="XIN009OLAB14917" name="TestCases.CreditCard.VerifyAmountAndDateFieldsCC" tests="1" failures="0" timestamp="6 Jul 2016 10:20:15 GMT" time="172.195" errors="0">
  <testcase name="testVerifyAmountAndDateFieldsCC" time="172.195" classname="TestCases.CreditCard.VerifyAmountAndDateFieldsCC"/>
</testsuite> <!-- TestCases.CreditCard.VerifyAmountAndDateFieldsCC -->
