<?xml version="1.0" encoding="UTF-8"?>
<!-- Generated by org.testng.reporters.JUnitReportReporter -->
<testsuite hostname="XIN009ODAB50783" name="TestCases.TestCase6" tests="1" failures="0" timestamp="30 May 2016 09:29:35 GMT" time="133.982" errors="0">
  <testcase name="ccTestCase6Execution" time="133.982" classname="TestCases.TestCase6"/>
</testsuite> <!-- TestCases.TestCase6 -->
