<?xml version="1.0" encoding="UTF-8"?>
<!-- Generated by org.testng.reporters.JUnitReportReporter -->
<testsuite hostname="XIN009DLAB50782" name="TestCases.CCAutomationE2E" tests="1" failures="0" timestamp="24 Jun 2016 07:52:04 GMT" time="325.320" errors="0">
  <testcase name="testCCAutomationE2E" time="325.320" classname="TestCases.CCAutomationE2E"/>
</testsuite> <!-- TestCases.CCAutomationE2E -->
