<?xml version="1.0" encoding="UTF-8"?>
<!-- Generated by org.testng.reporters.JUnitReportReporter -->
<testsuite hostname="XIN009ODAB50783" name="TestCases.TestCase7" tests="1" failures="0" timestamp="30 May 2016 06:59:13 GMT" time="166.319" errors="0">
  <testcase name="ccTestCase7Execution" time="166.319" classname="TestCases.TestCase7"/>
</testsuite> <!-- TestCases.TestCase7 -->
