<?xml version="1.0" encoding="UTF-8"?>
<!-- Generated by org.testng.reporters.JUnitReportReporter -->
<testsuite hostname="XIN009OLAB14917" name="TestCases.ACH.DeleteExistingInstrumentACH" tests="1" failures="0" timestamp="6 Jul 2016 15:36:44 GMT" time="191.725" errors="0">
  <testcase name="ccTestCase7Execution" time="191.725" classname="TestCases.ACH.DeleteExistingInstrumentACH"/>
</testsuite> <!-- TestCases.ACH.DeleteExistingInstrumentACH -->
