<?xml version="1.0" encoding="UTF-8"?>
<!-- Generated by org.testng.reporters.JUnitReportReporter -->
<testsuite hostname="XIN009ODAB56363" name="TestCases.NewTest" tests="1" failures="0" timestamp="26 May 2016 06:20:54 GMT" time="206.967" errors="0">
  <testcase name="f" time="206.967" classname="TestCases.NewTest"/>
</testsuite> <!-- TestCases.NewTest -->
