<?xml version="1.0" encoding="UTF-8"?>
<!-- Generated by org.testng.reporters.JUnitReportReporter -->
<testsuite hostname="XIN009OLAB14917" name="TestCases.CreditCard.sample" tests="1" failures="0" timestamp="28 Jun 2016 09:56:17 GMT" time="0.010" errors="0">
  <testcase name="myMethod" time="0.010" classname="TestCases.CreditCard.sample"/>
</testsuite> <!-- TestCases.CreditCard.sample -->
