<?xml version="1.0" encoding="UTF-8"?>
<!-- Generated by org.testng.reporters.JUnitReportReporter -->
<testsuite hostname="XIN009OLAB14917" name="TestCases.CreditCard.ModalPopUpCancelCC" tests="1" failures="0" timestamp="6 Jul 2016 10:20:15 GMT" time="175.347" errors="0">
  <testcase name="PopupCancel" time="175.347" classname="TestCases.CreditCard.ModalPopUpCancelCC"/>
</testsuite> <!-- TestCases.CreditCard.ModalPopUpCancelCC -->
