<?xml version="1.0" encoding="UTF-8"?>
<!-- Generated by org.testng.reporters.JUnitReportReporter -->
<testsuite hostname="XIN009ODAB50783" name="TestCases.Script8a" tests="1" failures="0" timestamp="30 May 2016 07:39:22 GMT" time="274.395" errors="0">
  <testcase name="payment" time="274.395" classname="TestCases.Script8a"/>
</testsuite> <!-- TestCases.Script8a -->
